<?xml version="1.0" encoding="UTF-8"?>
<!-- Generated by org.testng.reporters.JUnitReportReporter -->
<testsuite hostname="ATMECSINDT-080" failures="0" tests="4" name="com.atmecs.practo.testscripts.RemoveFromCart" time="71.381" errors="0" timestamp="2019-09-13T19:44:39 IST" skipped="0">
  <testcase classname="com.atmecs.practo.testscripts.RemoveFromCart" name="clickOnDiagnostics" time="62.625"/>
  <testcase classname="com.atmecs.practo.testscripts.RemoveFromCart" name="validateAfterAdd" time="2.399"/>
  <testcase classname="com.atmecs.practo.testscripts.RemoveFromCart" name="cartAfterRemovalOfSample" time="6.143"/>
  <testcase classname="com.atmecs.practo.testscripts.RemoveFromCart" name="validateCartAfterRemoval" time="0.214"/>
</testsuite> <!-- com.atmecs.practo.testscripts.RemoveFromCart -->
